<?xml version="1.0" encoding="UTF-8"?>
<!-- Generated by org.testng.reporters.JUnitReportReporter -->
<testsuite hostname="DESKTOP-7INTED2" failures="0" tests="1" name="EVALUATIONrunner.runner" time="10.161" errors="0" timestamp="2024-08-14T01:32:20 IST" skipped="0">
  <testcase classname="EVALUATIONrunner.runner" name="runScenario" time="10.161"/>
</testsuite> <!-- EVALUATIONrunner.runner -->
